Debug\lab.ilk
Debug\lab.pdb
E:\Elemente de Grafica\334CA\lab2\Debug\cl.command.1.tlog
E:\Elemente de Grafica\334CA\lab2\Debug\CL.read.1.tlog
E:\Elemente de Grafica\334CA\lab2\Debug\CL.write.1.tlog
E:\ELEMENTE DE GRAFICA\334CA\LAB2\DEBUG\LAB.EXE
E:\ELEMENTE DE GRAFICA\334CA\LAB2\DEBUG\LAB.EXE.INTERMEDIATE.MANIFEST
E:\ELEMENTE DE GRAFICA\334CA\LAB2\DEBUG\LAB.ILK
E:\ELEMENTE DE GRAFICA\334CA\LAB2\DEBUG\LAB.PDB
E:\Elemente de Grafica\334CA\lab2\Debug\link.command.1.tlog
E:\Elemente de Grafica\334CA\lab2\Debug\link.read.1.tlog
E:\Elemente de Grafica\334CA\lab2\Debug\link.write.1.tlog
E:\ELEMENTE DE GRAFICA\334CA\LAB2\DEBUG\MAIN.OBJ
E:\Elemente de Grafica\334CA\lab2\Debug\mt.command.1.tlog
E:\Elemente de Grafica\334CA\lab2\Debug\mt.read.1.tlog
E:\Elemente de Grafica\334CA\lab2\Debug\mt.write.1.tlog
E:\ELEMENTE DE GRAFICA\334CA\LAB2\DEBUG\SUPPORT3D.OBJ
E:\ELEMENTE DE GRAFICA\334CA\LAB2\DEBUG\TRANSFORM3D.OBJ
E:\Elemente de Grafica\334CA\lab2\Debug\vc100.idb
E:\ELEMENTE DE GRAFICA\334CA\LAB2\DEBUG\VC100.PDB
E:\Elemente de Grafica\334CA\lab2\Debug\vc90.idb
E:\Elemente de Grafica\334CA\lab2\Debug\vc90.pdb
E:\ELEMENTE DE GRAFICA\334CA\LAB2\DEBUG\WORLDDRAWER3D_GL.OBJ
