E:\ELEMENTE DE GRAFICA\LAB7\DEBUG\CAMERA.OBJ
E:\ELEMENTE DE GRAFICA\LAB7\DEBUG\CUBE.OBJ
E:\ELEMENTE DE GRAFICA\LAB7\DEBUG\LAB7.EXE
E:\ELEMENTE DE GRAFICA\LAB7\DEBUG\LAB7.EXE.INTERMEDIATE.MANIFEST
E:\ELEMENTE DE GRAFICA\LAB7\DEBUG\LAB7.ILK
E:\ELEMENTE DE GRAFICA\LAB7\DEBUG\LAB7.OBJ
E:\ELEMENTE DE GRAFICA\LAB7\DEBUG\LAB7.PDB
E:\ELEMENTE DE GRAFICA\LAB7\DEBUG\LIGHT.OBJ
E:\ELEMENTE DE GRAFICA\LAB7\DEBUG\METEORITE.OBJ
E:\ELEMENTE DE GRAFICA\LAB7\DEBUG\OBJECT3D.OBJ
E:\ELEMENTE DE GRAFICA\LAB7\DEBUG\PLANE.OBJ
E:\ELEMENTE DE GRAFICA\LAB7\DEBUG\SPACESHIP.OBJ
E:\ELEMENTE DE GRAFICA\LAB7\DEBUG\VC100.PDB
E:\ELEMENTE DE GRAFICA\TEMA4\DEBUG\CAMERA.OBJ
E:\Elemente de Grafica\Tema4\Debug\cl.command.1.tlog
E:\Elemente de Grafica\Tema4\Debug\CL.read.1.tlog
E:\Elemente de Grafica\Tema4\Debug\CL.write.1.tlog
E:\ELEMENTE DE GRAFICA\TEMA4\DEBUG\CUBE.OBJ
E:\ELEMENTE DE GRAFICA\TEMA4\DEBUG\LAB7.EXE
E:\ELEMENTE DE GRAFICA\TEMA4\DEBUG\LAB7.EXE.INTERMEDIATE.MANIFEST
E:\ELEMENTE DE GRAFICA\TEMA4\DEBUG\LAB7.ILK
E:\ELEMENTE DE GRAFICA\TEMA4\DEBUG\LAB7.OBJ
E:\ELEMENTE DE GRAFICA\TEMA4\DEBUG\LAB7.PDB
E:\ELEMENTE DE GRAFICA\TEMA4\DEBUG\LIGHT.OBJ
E:\Elemente de Grafica\Tema4\Debug\link.command.1.tlog
E:\Elemente de Grafica\Tema4\Debug\link.read.1.tlog
E:\Elemente de Grafica\Tema4\Debug\link.write.1.tlog
E:\ELEMENTE DE GRAFICA\TEMA4\DEBUG\METEORITE.OBJ
E:\Elemente de Grafica\Tema4\Debug\mt.command.1.tlog
E:\Elemente de Grafica\Tema4\Debug\mt.read.1.tlog
E:\Elemente de Grafica\Tema4\Debug\mt.write.1.tlog
E:\ELEMENTE DE GRAFICA\TEMA4\DEBUG\OBJECT3D.OBJ
E:\ELEMENTE DE GRAFICA\TEMA4\DEBUG\PLANE.OBJ
E:\ELEMENTE DE GRAFICA\TEMA4\DEBUG\SPACESHIP.OBJ
E:\Elemente de Grafica\Tema4\Debug\vc100.idb
E:\ELEMENTE DE GRAFICA\TEMA4\DEBUG\VC100.PDB
