.\Debug\tema3.ilk
E:\Elemente de Grafica\Tema3\lab5\Lab5\.\Debug\tema3.exe
E:\Elemente de Grafica\Tema3\lab5\Lab5\.\Debug\tema3.exe.intermediate.manifest
E:\Elemente de Grafica\Tema3\lab5\Lab5\Debug\BscMake.command.1.tlog
E:\Elemente de Grafica\Tema3\lab5\Lab5\Debug\bscmake.read.1.tlog
E:\Elemente de Grafica\Tema3\lab5\Lab5\Debug\bscmake.write.1.tlog
E:\ELEMENTE DE GRAFICA\TEMA3\LAB5\LAB5\DEBUG\CAMERA.OBJ
E:\ELEMENTE DE GRAFICA\TEMA3\LAB5\LAB5\DEBUG\CAMERA.SBR
E:\Elemente de Grafica\Tema3\lab5\Lab5\Debug\cl.command.1.tlog
E:\Elemente de Grafica\Tema3\lab5\Lab5\Debug\CL.read.1.tlog
E:\Elemente de Grafica\Tema3\lab5\Lab5\Debug\CL.write.1.tlog
E:\ELEMENTE DE GRAFICA\TEMA3\LAB5\LAB5\DEBUG\LAB6.BSC
E:\Elemente de Grafica\Tema3\lab5\Lab5\Debug\lab6.ilk
E:\ELEMENTE DE GRAFICA\TEMA3\LAB5\LAB5\DEBUG\LAB6.PDB
E:\Elemente de Grafica\Tema3\lab5\Lab5\Debug\link.2052.read.1.tlog
E:\Elemente de Grafica\Tema3\lab5\Lab5\Debug\link.2052.write.1.tlog
E:\Elemente de Grafica\Tema3\lab5\Lab5\Debug\link.2052-cvtres.read.1.tlog
E:\Elemente de Grafica\Tema3\lab5\Lab5\Debug\link.2052-cvtres.write.1.tlog
E:\Elemente de Grafica\Tema3\lab5\Lab5\Debug\link.3380.read.1.tlog
E:\Elemente de Grafica\Tema3\lab5\Lab5\Debug\link.3380.write.1.tlog
E:\Elemente de Grafica\Tema3\lab5\Lab5\Debug\link.3380-cvtres.read.1.tlog
E:\Elemente de Grafica\Tema3\lab5\Lab5\Debug\link.3380-cvtres.write.1.tlog
E:\Elemente de Grafica\Tema3\lab5\Lab5\Debug\link.6264.read.1.tlog
E:\Elemente de Grafica\Tema3\lab5\Lab5\Debug\link.6264.write.1.tlog
E:\Elemente de Grafica\Tema3\lab5\Lab5\Debug\link.6264-cvtres.read.1.tlog
E:\Elemente de Grafica\Tema3\lab5\Lab5\Debug\link.6264-cvtres.write.1.tlog
E:\Elemente de Grafica\Tema3\lab5\Lab5\Debug\link.7376.read.1.tlog
E:\Elemente de Grafica\Tema3\lab5\Lab5\Debug\link.7376.write.1.tlog
E:\Elemente de Grafica\Tema3\lab5\Lab5\Debug\link.7376-cvtres.read.1.tlog
E:\Elemente de Grafica\Tema3\lab5\Lab5\Debug\link.7376-cvtres.write.1.tlog
E:\Elemente de Grafica\Tema3\lab5\Lab5\Debug\link.command.1.tlog
E:\Elemente de Grafica\Tema3\lab5\Lab5\Debug\link.read.1.tlog
E:\Elemente de Grafica\Tema3\lab5\Lab5\Debug\link.write.1.tlog
E:\Elemente de Grafica\Tema3\lab5\Lab5\Debug\link-cvtres.read.1.tlog
E:\Elemente de Grafica\Tema3\lab5\Lab5\Debug\link-cvtres.write.1.tlog
E:\Elemente de Grafica\Tema3\lab5\Lab5\Debug\mt.command.1.tlog
E:\Elemente de Grafica\Tema3\lab5\Lab5\Debug\mt.read.1.tlog
E:\Elemente de Grafica\Tema3\lab5\Lab5\Debug\mt.write.1.tlog
E:\Elemente de Grafica\Tema3\lab5\Lab5\Debug\rc.command.1.tlog
E:\Elemente de Grafica\Tema3\lab5\Lab5\Debug\rc.read.1.tlog
E:\Elemente de Grafica\Tema3\lab5\Lab5\Debug\rc.write.1.tlog
E:\ELEMENTE DE GRAFICA\TEMA3\LAB5\LAB5\DEBUG\TEMA3.EXE
E:\ELEMENTE DE GRAFICA\TEMA3\LAB5\LAB5\DEBUG\TEMA3.EXE.EMBED.MANIFEST
E:\ELEMENTE DE GRAFICA\TEMA3\LAB5\LAB5\DEBUG\TEMA3.EXE.EMBED.MANIFEST.RES
E:\ELEMENTE DE GRAFICA\TEMA3\LAB5\LAB5\DEBUG\TEMA3.EXE.INTERMEDIATE.MANIFEST
E:\ELEMENTE DE GRAFICA\TEMA3\LAB5\LAB5\DEBUG\TEMA3.ILK
E:\ELEMENTE DE GRAFICA\TEMA3\LAB5\LAB5\DEBUG\TEMA3.OBJ
E:\ELEMENTE DE GRAFICA\TEMA3\LAB5\LAB5\DEBUG\TEMA3.SBR
E:\Elemente de Grafica\Tema3\lab5\Lab5\Debug\tema3_manifest.rc
E:\Elemente de Grafica\Tema3\lab5\Lab5\Debug\vc100.idb
E:\ELEMENTE DE GRAFICA\TEMA3\LAB5\LAB5\DEBUG\VC100.PDB
