==23137== Memcheck, a memory error detector
==23137== Copyright (C) 2002-2011, and GNU GPL'd, by Julian Seward et al.
==23137== Using Valgrind-3.7.0 and LibVEX; rerun with -h for copyright info
==23137== Command: mini-shell
==23137== Parent PID: 23136
==23137== 
==23137== 
==23137== HEAP SUMMARY:
==23137==     in use at exit: 220 bytes in 8 blocks
==23137==   total heap usage: 58 allocs, 50 frees, 1,236 bytes allocated
==23137== 
==23137== 5 bytes in 1 blocks are still reachable in loss record 1 of 8
==23137==    at 0x402BE68: malloc (in /usr/lib/valgrind/vgpreload_memcheck-x86-linux.so)
==23137==    by 0x40C9AF0: strdup (strdup.c:43)
==23137==    by 0x804A87E: yyparse (parser.tab.c:1615)
==23137==    by 0x804C09C: parse_line (parser.y:547)
==23137==    by 0x8048BA0: main (mini-shell.c:32)
==23137== 
==23137== 7 bytes in 1 blocks are still reachable in loss record 2 of 8
==23137==    at 0x402BE68: malloc (in /usr/lib/valgrind/vgpreload_memcheck-x86-linux.so)
==23137==    by 0x804DA93: yyalloc (parser.yy.c:2006)
==23137==    by 0x804D870: yy_scan_bytes (parser.yy.c:1802)
==23137==    by 0x804D850: yy_scan_string (parser.yy.c:1783)
==23137==    by 0x804DAD8: globalParseAnotherString (parser.l:243)
==23137==    by 0x804C05B: parse_line (parser.y:540)
==23137==    by 0x8048BA0: main (mini-shell.c:32)
==23137== 
==23137== 16 bytes in 1 blocks are still reachable in loss record 3 of 8
==23137==    at 0x402BE68: malloc (in /usr/lib/valgrind/vgpreload_memcheck-x86-linux.so)
==23137==    by 0x8049EA8: new_word (parser.y:158)
==23137==    by 0x804B986: yyparse (parser.y:514)
==23137==    by 0x804C09C: parse_line (parser.y:547)
==23137==    by 0x8048BA0: main (mini-shell.c:32)
==23137== 
==23137== 24 bytes in 1 blocks are still reachable in loss record 4 of 8
==23137==    at 0x402BE68: malloc (in /usr/lib/valgrind/vgpreload_memcheck-x86-linux.so)
==23137==    by 0x8049BCD: new_command (parser.y:117)
==23137==    by 0x804ABA7: yyparse (parser.y:292)
==23137==    by 0x804C09C: parse_line (parser.y:547)
==23137==    by 0x8048BA0: main (mini-shell.c:32)
==23137== 
==23137== 28 bytes in 1 blocks are still reachable in loss record 5 of 8
==23137==    at 0x402BF52: realloc (in /usr/lib/valgrind/vgpreload_memcheck-x86-linux.so)
==23137==    by 0x80499B4: ensureSize (parser.y:70)
==23137==    by 0x8049A51: pointerToMallocMemory (parser.y:87)
==23137==    by 0x8049BDB: new_command (parser.y:118)
==23137==    by 0x804ABA7: yyparse (parser.y:292)
==23137==    by 0x804C09C: parse_line (parser.y:547)
==23137==    by 0x8048BA0: main (mini-shell.c:32)
==23137== 
==23137== 36 bytes in 1 blocks are still reachable in loss record 6 of 8
==23137==    at 0x402BF52: realloc (in /usr/lib/valgrind/vgpreload_memcheck-x86-linux.so)
==23137==    by 0x804DAAD: yyrealloc (parser.yy.c:2018)
==23137==    by 0x804D6F6: yyensure_buffer_stack (parser.yy.c:1725)
==23137==    by 0x804D1B0: yy_switch_to_buffer (parser.yy.c:1504)
==23137==    by 0x804D816: yy_scan_buffer (parser.yy.c:1767)
==23137==    by 0x804D8D6: yy_scan_bytes (parser.yy.c:1811)
==23137==    by 0x804D850: yy_scan_string (parser.yy.c:1783)
==23137==    by 0x804DAD8: globalParseAnotherString (parser.l:243)
==23137==    by 0x804C05B: parse_line (parser.y:540)
==23137==    by 0x8048BA0: main (mini-shell.c:32)
==23137== 
==23137== 48 bytes in 1 blocks are still reachable in loss record 7 of 8
==23137==    at 0x402BE68: malloc (in /usr/lib/valgrind/vgpreload_memcheck-x86-linux.so)
==23137==    by 0x804DA93: yyalloc (parser.yy.c:2006)
==23137==    by 0x804D78C: yy_scan_buffer (parser.yy.c:1753)
==23137==    by 0x804D8D6: yy_scan_bytes (parser.yy.c:1811)
==23137==    by 0x804D850: yy_scan_string (parser.yy.c:1783)
==23137==    by 0x804DAD8: globalParseAnotherString (parser.l:243)
==23137==    by 0x804C05B: parse_line (parser.y:540)
==23137==    by 0x8048BA0: main (mini-shell.c:32)
==23137== 
==23137== 56 bytes in 1 blocks are still reachable in loss record 8 of 8
==23137==    at 0x402BE68: malloc (in /usr/lib/valgrind/vgpreload_memcheck-x86-linux.so)
==23137==    by 0x8049A88: bind_parts (parser.y:94)
==23137==    by 0x804AD84: yyparse (parser.y:328)
==23137==    by 0x804C09C: parse_line (parser.y:547)
==23137==    by 0x8048BA0: main (mini-shell.c:32)
==23137== 
==23137== LEAK SUMMARY:
==23137==    definitely lost: 0 bytes in 0 blocks
==23137==    indirectly lost: 0 bytes in 0 blocks
==23137==      possibly lost: 0 bytes in 0 blocks
==23137==    still reachable: 220 bytes in 8 blocks
==23137==         suppressed: 0 bytes in 0 blocks
==23137== 
==23137== For counts of detected and suppressed errors, rerun with: -v
==23137== ERROR SUMMARY: 0 errors from 0 contexts (suppressed: 0 from 0)
